\BOOKMARK [1][-]{section.1}{\376\377\004\035\004\065\004\064\004\065\004\073\004\117\000\040\0001}{}% 1
\BOOKMARK [2][-]{subsection.1.1}{\376\377\004\043\004\100\004\076\004\072\000\040\0001\000:\000\040\004\076\004\101\004\075\004\076\004\062\004\113\000\040\004\076\004\100\004\063\004\060\004\075\004\070\004\067\004\060\004\106\004\070\004\070\000\040\004\072\004\076\004\074\004\077\004\114\004\116\004\102\004\065\004\100\004\075\004\113\004\105\000\040\004\101\004\065\004\102\004\065\004\071\000;\000\040\004\077\004\076\004\075\004\117\004\102\004\070\004\117\000\040\004\070\004\075\004\102\004\065\004\100\004\104\004\065\004\071\004\101\004\060\000\040\004\070\000\040\004\077\004\100\004\076\004\102\004\076\004\072\004\076\004\073\004\060\000;\000\040\004\070\004\075\004\072\004\060\004\077\004\101\004\103\004\073\004\117\004\106\004\070\004\117\000\040\004\077\004\100\004\076\004\102\004\076\004\072\004\076\004\073\004\060\000.}{section.1}% 2
\BOOKMARK [2][-]{subsection.1.2}{\376\377\004\043\004\100\004\076\004\072\000\040\0002\000:\004\034\004\076\004\064\004\065\004\073\004\114\000\040\000T\000C\000P\000/\000I\000P\000\040\004\070\000\040\004\075\004\065\004\074\004\075\004\076\004\063\004\076\000\040\004\077\004\100\004\076\000\040\004\074\004\076\004\064\004\065\004\073\004\114\000\040\000O\000S\000I}{section.1}% 3
\BOOKMARK [3][-]{subsubsection.1.2.1}{\376\377\004\043\004\100\004\076\004\062\004\065\004\075\004\114\000\040\004\101\004\065\004\102\004\065\004\062\004\113\004\105\000\040\004\070\004\075\004\102\004\065\004\100\004\104\004\065\004\071\004\101\004\076\004\062\000\040\000\050\000N\000e\000t\000w\000o\000r\000k\000\040\000a\000c\000c\000e\000s\000s\000\040\000l\000a\000y\000e\000r\000\051}{subsection.1.2}% 4
\BOOKMARK [3][-]{subsubsection.1.2.2}{\376\377\004\041\004\065\004\102\004\065\004\062\004\076\004\071\000\040\004\103\004\100\004\076\004\062\004\065\004\075\004\114\000\040\000\050\000N\000e\000t\000w\000o\000r\000k\000\040\000l\000a\000y\000e\000r\000\051}{subsection.1.2}% 5
\BOOKMARK [3][-]{subsubsection.1.2.3}{\376\377\004\042\004\100\004\060\004\075\004\101\004\077\004\076\004\100\004\102\004\075\004\113\004\071\000\040\004\103\004\100\004\076\004\062\004\065\004\075\004\114\000\040\000\050\000T\000r\000a\000n\000s\000p\000o\000r\000t\000\040\000l\000a\000y\000e\000r\000\051\000.}{subsection.1.2}% 6
\BOOKMARK [3][-]{subsubsection.1.2.4}{\376\377\004\037\004\100\004\070\004\072\004\073\004\060\004\064\004\075\004\076\004\071\000\040\004\103\004\100\004\076\004\062\004\065\004\075\004\114\000\040\000\050\000A\000p\000p\000l\000i\000c\000a\000t\000i\000o\000n\000\040\000l\000a\000y\000e\000r\000\051\000.}{subsection.1.2}% 7
\BOOKMARK [3][-]{subsubsection.1.2.5}{\376\377\004\034\004\076\004\064\004\065\004\073\004\114\000\040\000O\000S\000I\000\040\000\050\000O\000p\000e\000n\000\040\000S\000y\000s\000t\000e\000m\000s\000\040\000I\000n\000t\000e\000r\000c\000o\000n\000n\000e\000c\000t\000i\000o\000n\000\051\000\040\000\050\004\074\004\076\004\064\004\065\004\073\004\114\000\040\004\062\004\067\004\060\004\070\004\074\004\076\004\064\004\065\004\071\004\101\004\102\004\062\004\070\004\117\000\040\004\076\004\102\004\072\004\100\004\113\004\102\004\113\004\105\000\040\004\101\004\070\004\101\004\102\004\065\004\074\000\051\000.}{subsection.1.2}% 8
\BOOKMARK [2][-]{subsection.1.3}{\376\377\004\043\004\100\004\076\004\072\000\040\0003\000:\000\040\004\024\004\065\004\102\004\060\004\073\004\114\004\075\004\076\000\040\004\102\004\100\004\060\004\075\004\101\004\077\004\076\004\100\004\102\004\075\004\113\004\071\000\040\004\103\004\100\004\076\004\062\004\065\004\075\004\114\000\040\004\070\000\040\004\065\004\063\004\076\000\040\004\077\004\100\004\076\004\102\004\076\004\072\004\076\004\073\004\113\000.}{section.1}% 9
\BOOKMARK [3][-]{subsubsection.1.3.1}{\376\377\004\037\004\100\004\076\004\102\004\076\004\072\004\076\004\073\000\040\000U\000D\000P\000\040\000\050\000U\000s\000e\000r\000\040\000D\000a\000t\000a\000g\000r\000a\000m\000\040\000P\000r\000o\000t\000o\000c\000o\000l\000\051\000.}{subsection.1.3}% 10
\BOOKMARK [3][-]{subsubsection.1.3.2}{\376\377\004\037\004\100\004\076\004\102\004\076\004\072\004\076\004\073\000\040\000T\000C\000P\000\040\000\050\000T\000r\000a\000n\000s\000m\000i\000s\000s\000i\000o\000n\000\040\000c\000o\000n\000t\000r\000o\000l\000\040\000p\000r\000o\000t\000o\000c\000o\000l\000\051}{subsection.1.3}% 11
\BOOKMARK [3][-]{subsubsection.1.3.3}{\376\377\004\033\004\076\004\063\004\070\004\107\004\065\004\101\004\072\004\076\004\065\000\040\004\101\004\076\004\065\004\064\004\070\004\075\004\065\004\075\004\070\004\065}{subsection.1.3}% 12
\BOOKMARK [3][-]{subsubsection.1.3.4}{\376\377\004\037\004\100\004\076\004\106\004\065\004\101\004\101\000\040\004\076\004\061\004\074\004\065\004\075\004\060\000\040\004\064\004\060\004\075\004\075\004\113\004\074\004\070}{subsection.1.3}% 13
\BOOKMARK [3][-]{subsubsection.1.3.5}{\376\377\004\027\004\060\004\072\004\100\004\113\004\102\004\070\004\065\000\040\004\101\004\076\004\065\004\064\004\070\004\075\004\065\004\075\004\070\004\117}{subsection.1.3}% 14
\BOOKMARK [2][-]{subsection.1.4}{\376\377\004\037\004\100\004\076\004\102\004\076\004\072\004\076\004\073\004\113\000\040\000U\000D\000P\000\040\004\070\000\040\000T\000C\000P\000\040\004\075\004\060\000\040\004\077\004\100\004\060\004\072\004\102\004\070\004\072\004\065}{section.1}% 15
\BOOKMARK [2][-]{subsection.1.5}{\376\377\000D\000N\000S\000-\004\077\004\100\004\076\004\102\004\076\004\072\004\076\004\073}{section.1}% 16
\BOOKMARK [3][-]{subsubsection.1.5.1}{\376\377\004\035\004\060\004\067\004\075\004\060\004\107\004\065\004\075\004\070\004\065\000\040\000D\000N\000S}{subsection.1.5}% 17
\BOOKMARK [3][-]{subsubsection.1.5.2}{\376\377\004\041\004\102\004\100\004\103\004\072\004\102\004\103\004\100\004\060\000\040\000D\000N\000S}{subsection.1.5}% 18
\BOOKMARK [3][-]{subsubsection.1.5.3}{\376\377\004\041\004\105\004\065\004\074\004\113\000\040\004\100\004\060\004\067\004\100\004\065\004\110\004\065\004\075\004\070\004\117\000\040\000D\000N\000S\000-\004\070\004\074\004\065\004\075}{subsection.1.5}% 19
\BOOKMARK [3][-]{subsubsection.1.5.4}{\376\377\004\042\004\070\004\077\004\113\000\040\004\067\004\060\004\077\004\070\004\101\004\065\004\071\000\040\004\062\000\040\000D\000N\000S}{subsection.1.5}% 20
\BOOKMARK [3][-]{subsubsection.1.5.5}{\376\377\004\043\004\102\004\070\004\073\004\070\004\102\004\060\000\040\000d\000i\000g}{subsection.1.5}% 21
\BOOKMARK [2][-]{subsection.1.6}{\376\377\000H\000T\000T\000P\000-\004\077\004\100\004\076\004\102\004\076\004\072\004\076\004\073}{section.1}% 22
\BOOKMARK [3][-]{subsubsection.1.6.1}{\376\377\000H\000T\000T\000P\000-\004\077\004\100\004\076\004\102\004\076\004\072\004\076\004\073}{subsection.1.6}% 23
\BOOKMARK [3][-]{subsubsection.1.6.2}{\376\377\004\041\004\105\004\065\004\074\004\060\000\040\000H\000T\000T\000P\000-\004\101\004\065\004\060\004\075\004\101\004\060}{subsection.1.6}% 24
\BOOKMARK [3][-]{subsubsection.1.6.3}{\376\377\000U\000R\000I\000/\000U\000R\000L}{subsection.1.6}% 25
\BOOKMARK [3][-]{subsubsection.1.6.4}{\376\377\004\041\004\102\004\100\004\103\004\072\004\102\004\103\004\100\004\060\000\040\004\067\004\060\004\077\004\100\004\076\004\101\004\060}{subsection.1.6}% 26
\BOOKMARK [3][-]{subsubsection.1.6.5}{\376\377\004\022\004\070\004\064\004\113\000\040\004\067\004\060\004\077\004\100\004\076\004\101\004\076\004\062}{subsection.1.6}% 27
\BOOKMARK [3][-]{subsubsection.1.6.6}{\376\377\004\041\004\102\004\100\004\103\004\072\004\102\004\103\004\100\004\060\000\040\004\076\004\102\004\062\004\065\004\102\004\060}{subsection.1.6}% 28
\BOOKMARK [3][-]{subsubsection.1.6.7}{\376\377\004\022\004\070\004\064\004\113\000\040\004\072\004\076\004\064\004\076\004\062\000\040\000\050\004\101\004\102\004\060\004\102\004\103\004\101\004\076\004\062\000\051\000\040\004\076\004\102\004\062\004\065\004\102\004\060}{subsection.1.6}% 29
\BOOKMARK [3][-]{subsubsection.1.6.8}{\376\377\004\036\004\101\004\075\004\076\004\062\004\075\004\113\004\065\000\040\004\067\004\060\004\063\004\076\004\073\004\076\004\062\004\072\004\070}{subsection.1.6}% 30
\BOOKMARK [2][-]{subsection.1.7}{\376\377\004\040\004\065\004\063\004\103\004\073\004\117\004\100\004\075\004\113\004\065\000\040\004\062\004\113\004\100\004\060\004\066\004\065\004\075\004\070\004\117}{section.1}% 31
\BOOKMARK [3][-]{subsubsection.1.7.1}{\376\377\004\041\004\070\004\074\004\062\004\076\004\073\004\114\004\075\004\113\004\065\000\040\004\072\004\073\004\060\004\101\004\101\004\113\000\040\004\070\000\040\004\072\004\062\004\060\004\075\004\102\004\070\004\104\004\070\004\072\004\060\004\102\004\076\004\100\004\113}{subsection.1.7}% 32
\BOOKMARK [3][-]{subsubsection.1.7.2}{\376\377\004\041\004\073\004\076\004\066\004\075\004\113\004\071\000\040\004\077\004\076\004\070\004\101\004\072\000\040\004\070\000\040\004\067\004\060\004\074\004\065\004\075\004\060}{subsection.1.7}% 33
